2022.05.18 18:08:05 INFO  tracing is disabled for protocol LSP, to enable tracing of incoming and outgoing JSON messages create an empty file at c:\Users\micha_j1zul72\scala\2022-Spring-Team2-project2\.metals\lsp.trace.json or C:\Users\micha_j1zul72\AppData\Local\scalameta\metals\cache\lsp.trace.json
2022.05.18 18:08:06 INFO  logging to file C:\Users\micha_j1zul72\scala\2022-Spring-Team2-project2\.metals\metals.log
2022.05.18 18:08:06 INFO  Started: Metals version 0.11.5 in workspace 'C:\Users\micha_j1zul72\scala\2022-Spring-Team2-project2' for client Visual Studio Code 1.67.2.
2022.05.18 18:08:07 INFO  time: initialize in 0.8s
2022.05.18 18:08:07 WARN  Flyway upgrade recommended: H2 2.1.212 is newer than this version of Flyway and support has not been tested. The latest supported version of H2 is 2.1.210.
2022.05.18 18:08:07 WARN  Build server is not auto-connectable.
2022.05.18 18:08:07 WARN  no build tool detected in workspace 'C:\Users\micha_j1zul72\scala\2022-Spring-Team2-project2'. The most common cause for this problem is that the editor was opened in the wrong working directory, for example if you use sbt then the workspace directory should contain build.sbt. 
2022.05.18 18:08:07 WARN  no build target for: C:\Users\micha_j1zul72\scala\2022-Spring-Team2-project2\src\main\scala\project2.scala
2022.05.18 18:08:08 INFO  no build target found for C:\Users\micha_j1zul72\scala\2022-Spring-Team2-project2\src\main\scala\project2.scala. Using presentation compiler with project's scala-library version: 3.1.2
2022.05.18 18:08:10 INFO  time: code lens generation in 2.51s
2022.05.18 18:08:23 WARN  no build target for: C:\Users\micha_j1zul72\scala\2022-Spring-Team2-project2\src\main\scala\project2.scala
2022.05.18 18:08:41 WARN  no build target for: C:\Users\micha_j1zul72\scala\2022-Spring-Team2-project2\build.sbt
2022.05.18 18:09:53 WARN  no build target for: C:\Users\micha_j1zul72\scala\2022-Spring-Team2-project2\build.sbt
Exception in thread "pool-3-thread-1" java.lang.Error: java.lang.InterruptedException
	at java.util.concurrent.ThreadPoolExecutor.runWorker(ThreadPoolExecutor.java:1155)
	at java.util.concurrent.ThreadPoolExecutor$Worker.run(ThreadPoolExecutor.java:624)
	at java.lang.Thread.run(Thread.java:750)
Caused by: java.lang.InterruptedException
	at scala.meta.internal.metals.FutureCancelToken.checkCanceled(FutureCancelToken.scala:29)
	at scala.meta.internal.pc.CompilerAccess.onCompilerJobQueue$$anonfun$1(CompilerAccess.scala:195)
	at scala.meta.internal.pc.CompilerJobQueue$Job.run(CompilerJobQueue.scala:139)
	at java.util.concurrent.ThreadPoolExecutor.runWorker(ThreadPoolExecutor.java:1149)
	... 2 more
2022.05.18 18:09:55 INFO  running 'C:\Program Files\Java\jdk1.8.0_331\bin\java -Djline.terminal=jline.UnsupportedTerminal -Dsbt.log.noformat=true -Dfile.encoding=UTF-8 -Dsbt.version=1.6.2 -jar C:\Users\MICHA_~1\AppData\Local\Temp\metals6838394464354270090\sbt-launch.jar -Dbloop.export-jar-classifiers=sources bloopInstall'
2022.05.18 18:09:56 INFO  [info] Updated file C:\Users\micha_j1zul72\scala\2022-Spring-Team2-project2\project\build.properties: set sbt.version to 1.6.2
2022.05.18 18:09:56 INFO  [info] welcome to sbt 1.6.2 (Oracle Corporation Java 1.8.0_331)
2022.05.18 18:09:57 INFO  [info] loading settings for project root-2022-spring-team2-project2-build-build from metals.sbt ...
2022.05.18 18:09:57 INFO  [info] loading project definition from C:\Users\micha_j1zul72\scala\2022-Spring-Team2-project2\project\project
2022.05.18 18:10:00 INFO  [info] loading settings for project root-2022-spring-team2-project2-build from metals.sbt ...
2022.05.18 18:10:00 INFO  [info] loading project definition from C:\Users\micha_j1zul72\scala\2022-Spring-Team2-project2\project
2022.05.18 18:10:01 INFO  [success] Generated .bloop\root-2022-spring-team2-project2-build.json
2022.05.18 18:10:01 INFO  [success] Total time: 2 s, completed May 18, 2022 6:10:01 PM
2022.05.18 18:10:01 INFO  [info] loading settings for project root-2022-spring-team2-project2 from build.sbt ...
2022.05.18 18:10:02 INFO  [info] set current project to project2 (in build file:/C:/Users/micha_j1zul72/scala/2022-Spring-Team2-project2/)
2022.05.18 18:10:02 INFO  [success] Generated .bloop\root-2022-spring-team2-project2.json
2022.05.18 18:10:02 INFO  [success] Generated .bloop\root-2022-spring-team2-project2-test.json
2022.05.18 18:10:02 INFO  [success] Total time: 0 s, completed May 18, 2022 6:10:03 PM
2022.05.18 18:10:03 INFO  time: ran 'sbt bloopInstall' in 8.03s
2022.05.18 18:10:03 INFO  Attempting to connect to the build server...
2022.05.18 18:10:03 INFO  tracing is disabled for protocol BSP, to enable tracing of incoming and outgoing JSON messages create an empty file at C:\Users\micha_j1zul72\scala\2022-Spring-Team2-project2\.metals\bsp.trace.json or C:\Users\micha_j1zul72\AppData\Local\scalameta\metals\cache\bsp.trace.json
2022.05.18 18:10:03 INFO  Attempting to connect to the build server...
2022.05.18 18:10:03 INFO  tracing is disabled for protocol BSP, to enable tracing of incoming and outgoing JSON messages create an empty file at C:\Users\micha_j1zul72\scala\2022-Spring-Team2-project2\project\.metals\bsp.trace.json or C:\Users\micha_j1zul72\AppData\Local\scalameta\metals\cache\bsp.trace.json
2022.05.18 18:10:03 INFO  time: Connected to build server in 0.16s
2022.05.18 18:10:03 INFO  Connected to Build server: Bloop v1.5.0
2022.05.18 18:10:05 INFO  time: indexed workspace in 2.46s
2022.05.18 18:10:05 INFO  compiling root-2022-spring-team2-project2 (2 scala sources)
2022.05.18 18:10:07 INFO  time: compiled root-2022-spring-team2-project2 in 1.79s
May 18, 2022 6:14:19 PM org.eclipse.lsp4j.jsonrpc.services.GenericEndpoint notify
INFO: Unsupported notification method: $/setTrace
2022.05.18 18:24:46 INFO  shutting down Metals
2022.05.18 18:24:46 INFO  Shut down connection with build server.
2022.05.18 18:24:46 INFO  Shut down connection with build server.
2022.05.18 18:24:58 INFO  tracing is disabled for protocol LSP, to enable tracing of incoming and outgoing JSON messages create an empty file at c:\Users\micha_j1zul72\scala\2022-Spring-Team2-project2\.metals\lsp.trace.json or C:\Users\micha_j1zul72\AppData\Local\scalameta\metals\cache\lsp.trace.json
2022.05.18 18:24:59 INFO  logging to file C:\Users\micha_j1zul72\scala\2022-Spring-Team2-project2\.metals\metals.log
